CLIENT_RANDOM 04968A5E833F0396D8734E320C95FFD679BAFCB93BAC47CDBBFE381218AF8F10 730548E016ED4DFADBFE84C136959FC0C20127A96B90ADC7E3C05C774074D99D54118C77F6716FD32FAA4B8AF4A19ED7
CLIENT_RANDOM 84724FDC6AE923563D76B092A80121A45F20ABA4D0E8C51F687B4BBB6F9CCA7F 9A675AB1065456F39FD4A9C94CFE82AE43F0ED39DF9F1BE47199A2F34066B7F9E7F5010CE11B52E01336640E163C03B5
CLIENT_RANDOM 7A40D49ADB6E529E14A7504DBA3496C202DEBDDA1AD49981ECC3CA86760C6E80 34B641CD16C2C3C937D355394B85791AB206C257053639B4083EC7A9D769B7BE5C3EFF53B2CEA8543AAAA0FD609629E4
CLIENT_RANDOM 791447C6EA4BE9AF8B2AFED97DE792F7F050BE8D74E2D61253509760B0BF507E 8346A3F07961DC258A62A8CE315D8C853BD758D1BA5DE3AFA743EEFD49B37FE6CA8BBA599D0D37A42C797CF1F5C2280E
CLIENT_RANDOM E2D81F2EDAD2536CEB625844B03FF958E2752F9224FD31714C850B7208972198 5209975C904D1C2F3FE6B1A3296C86E56141B8B6F40A4343829B533C63EF60FB4124DDBF4C2EFF17330A1DDD994BA69C
CLIENT_RANDOM D1A4317C31977A585BD508774718F8D149B216C72CA0234A4D21BC29343D7928 25E0BA2B239E7E9C2E41B571E711AECD1F974D487207D97FF7030624196C1B9E03D5E31BBB7A39050A7FAA5CCFF6FF63
CLIENT_RANDOM 35D94E264F66D5DF0860A5D2F5CFC6E6AE09060D31B629889AABA87A571955F2 5DA60E5A46849EBA34772CAA0333615A0CF898A511CA30AE923086A05D476EC7F2FDC6A1EFE290CFCCC27E0E8FE8505A
CLIENT_RANDOM F08153C1BEA1F87B678124560EC23F69CBDA8E55BCE6930C410B763C46E7B8B5 70B8B4EEA3DAE925C8416A23AFD6EA0D203E8D2B26420C909037A6714B690AEEDBB88AA83C2BA8E59EE86123B7B997BB
CLIENT_RANDOM 121488EE5E0CD7A83A38E9A8A2280B4B6C6301A4A6F07FB9E35F67C72DFC1F07 FDACAD7F7C0D1B4C91258FE8AFAE852E71C076753A00794BC8C009B75816FDD3D03F4DBEED9CE00687057872A6555135
CLIENT_RANDOM 8A279271B1DDBA2C3084192E3AF72F9A01D5ED946A96032D003F10DEAD968C94 29B0044797DE8F5E4E606A01801D67CD91D705392B3CC3C9211CB5FA006445920B43DDB7F1EDEF16D560736326064C0D
CLIENT_RANDOM B69678EE1F8B83B50B3D0D04419CCC6CFC947F9CCB3040A553513197496EA6C8 9B3037B1F04E2F285FF27389C4C8D063A77387BFF9EB6FEE773A0F6D20BCC65EB3689145BBE931D10B8BF711FE816177
CLIENT_RANDOM A083977643D1E237E38C15097A421EED7D1324F237CC772D2240DE5A2284FADA 3F502792D181CE35BA733AE940CCE550EC054EF29B65A0AA27557BADB9D089F1744BB35D2D8FC535F3DCDC330EB15C58
CLIENT_RANDOM 4E181CF86538139300D78BF5C672F3C6D4F096806E62F32953C9C58DF622A978 E29C3DFF77CF96ED729F730B62915BCDFC89108A8ACA3A3896E7A0EA40EEDD63610087D18E6CF0900A3DEBFF31F7072B
CLIENT_RANDOM 0D62AA009A60D1C5A9D7AF32273CBE4BFAD9A8AD7409F10330B14B59D47E811F 72384258F9BBB0AEA4A616FB6C245DFEE6620CFD90D0C3DAEE1B0A317EF2E58A83D10632DE37CBBC62F09C3CC786284F
CLIENT_RANDOM A9D60E2811B04D27A482B57C9201F5D80D33A459FE6D7662B400B68B6BFEFBD3 77056D4571ED2477E48C38477E10760011FFE1B0EF675BC27E7B16BC1FE6F78AF05FE49369DF060DEA186BEB690EB088
CLIENT_RANDOM 473B8063EB661F8397E71FA237C1BBEE15A0D4AEFB0FCE2494394F623AD6F053 21E28056C01DBEBA08F3D65210109279DC7061DE0AFF8FC95FFC3E6901AACA016B895BAF5CD0CA7515CF133FBE9D770F
CLIENT_RANDOM EC015B5A2FE9A2E4C32E7F05210D56C9A74FBB154386F031085581F3B90E94B2 E67E9A91D421A4A1F74758DDDF28294333A7AAD71466EEB7E284551C15FD8036D86EE262F27DAB38257EDD44A3DDADD8
CLIENT_RANDOM 6E8DA409EC961CD595EB6EFDF82B0DD3DD44A9B8AE0CE6774D6E6A4C84372AED C0F2FBABBE4678DF060DB6191FD8D7AFD93C19883E46B307DADFC64D0A83B37D2CD64A53B579501E30DF7F2362B3D030
CLIENT_RANDOM 8E06C21F203CF327942125F9965B1401FCAA22A8680006F2A5BB4EBD16CDC701 8C1C8F7B8A018580BE60583E93058A3E89292E781B0AEFC55F6C1916F12CA894E6C535A611367B5531030C90F6C51BCB
CLIENT_RANDOM 5C4994A82E7A819E32B9F152E03F2C7C30161D66470B941C3E5477255C4E59A2 ABA913FC1D2C05892231C4479FA737ECFA362B51BC54B7C7949F95DB9D80487187FA87D85DA791A9DDAED9FDFA5EC01B
CLIENT_RANDOM D4E90199C4F63F15B359EB364CEB86D8F7312CC82C54B7E8ACF240532E8F093C F3A85E046D1B272CB5296AFB5DA634A2FDD15C469AA783025BD8D94F34EB3CA473A833E7DBAE8CA33D7A4BD7D8DAB4C8
CLIENT_RANDOM 9BEA27FD4560029BC54FBFF15F924DD449B711FAA1DDE11FBD549FB599CD6B10 EE24A2B6DDD7002EB95D3AAE19DBE9909D6A9034F83DA4BF2E7DA3F2627F206286DDBCC459DF50BE984BE175DF36CE0F
CLIENT_RANDOM C099274E1C24E2B5D5C525629FFF9A270D1105377BA48D3E670523633BE5C642 A2ABCBA8B7FCBD042AD80E7033F270B8FF798D2EB66CFF5F718403C9D83B42CE89E9E609C9515BBB8A3AB05560280A96
CLIENT_RANDOM 8B2F8E15A77C47F08BB70C9068F443D70C3E41E80B4109305B0FA1EB102AAB04 F2059345175AF677FAB5810FFAED1986A66313A1889C2A31662F4F0BC22B22FD56D2E6E46D23B4D13404170F97011B38
CLIENT_RANDOM EAA8322BDA7841AC06DD8619FBBC32102CF3D1EC8A4097371651E6D2358F3E52 B4AFCBE06D45720A5D509794F2CADCA7BB48C53EFC23A3B7C2047975EE36A3B822E0C7EEE15622721387C6837045E4A8
CLIENT_RANDOM 913062D85B55F2B7338793126B1EA65F5F17BEA737ABCD243E5445BEE512985C 89A2EB635383ABB583D5173EC8ACB59D2CE03B0BA93C17F1C490658E1E7AA6CA15389EAAC7941775B5B54D97ACA526F1
CLIENT_RANDOM 768EA4EB0858A200A8DD7BD8D424E2921BDA6FF972FD82ADAB52B76756A61F7F A034C872B38742DF54EA927CC55201CBD9A4D3F9F8F627158BF2879B5DB554CD51C9F32EE43AD5E8674290F0BED93E41
CLIENT_RANDOM B0B7132ABEB5B5D23BFD13DBB8B2D61DCA35ED52AB308BA06420D3F6935237A1 E02A8C3C4ECBB89BFE1796A6CA7060CE0BA2CBD826B68EF3BFBF816994FAEB7665D4281D934A2241287AEFB6760A10C2
CLIENT_RANDOM 3F88659A211F53D4E60D57A30784ACCAB65610A8C632598F63252831ED7B58BE 0897FD9D9B5CB6D423EAFB7C07676C8C2714A1ADC2E510C143DC57A375A3AA61B98536DBDF6F6C2AD2BA0F82B348194F
CLIENT_RANDOM F17A011BF596FA3F7379B8D2C8962289D2E427333CD62159F0BCD950A96DC459 2054975F72852AD58205667BB0FEC4FFF0C56BD93FEB9F9EC604E0AFE68489AD2A1FB5E171274C05394A343C35636FC6
CLIENT_RANDOM 3766D3BF5BA5AC26B8DECC2AEBED830B6FD0632061A7DE2285FEBCE0C8062BEF 01A95AEE89E8FB78A6F232DFA11F9C1D913731500F7AA2A5FEDCB436EAB763D10BA93F8BDFD9B2F29BB3085D68F26642
CLIENT_RANDOM FDA5166CF63375F2E1FE02AF6C37F71907D93E439CA60F040EF4E30786D5F0D4 37A87E6B5E7FB57648A9997BB01B4F569EAA4D564CF2651E34644FD0B21E87ACBE4F397CD2D4CF193C0F833F8581B037
CLIENT_RANDOM 2B779D05E46B20F73B7B1FA14A865F40C81032A55FDABDB6EF1A2BFFA53748A6 13647206DD25CB1C1452F856007ACE26E8BC9224139DBB905F93DB1FFC45E865DA1D6D3E9B14C4745F7E1A8467BCCF91
CLIENT_RANDOM 14031EA724E22ED904EF4C118C5D1CCE37D97BFD0241ECE18C9B55BFFB0794F0 44C01F0078479C8BC1655F1840BFBFC7A6A420EFF7C4760036130ED8FB79683608B762845A20D20B67F873AD95B6AD2B
CLIENT_RANDOM 0F6C7FBAC0E9C7C4F025DA0BA6B8CB32B722502F97E184C2A40A6C2E9905A575 E51864F57EB56B37A40063A9EB3D01AE50373CB714B80D3682D166619EFF1B9D59F28721C247D2A8A4E6F7D8B4FBC214
CLIENT_RANDOM D354640647AF63208BF2D63C360810F07963BD50C042A1C7C4E0C3B4EF54A833 9A1E1992D9FC6B5DC9F45052773DC7B10C92BC589B69179620D85E354782B793748A430029C518F2D2A6164924A83F07
CLIENT_RANDOM ADDC55B02C3E1149C8D700EF3FE33D364F4E69796216D79E6AF7AF9975728A44 2063C91831E24B8E4D8E2AF83F655A5E4525376975374AC33A9E1CC3005B315CA3530DCB630B21F3FD7AC74792CE0102
CLIENT_RANDOM 686314196EB1DE9636F0D00D4A542CF320B44271A105014AC381CC829537242C 6C65B659228584239AFAAF39E8500FB7B8FFBD347F7565172720E6958151678D6B87B43AEC900765ACE1597D8FC47C00
CLIENT_RANDOM E2608FD4E394E26D6084D1EC420E8E9D810F00DCDDC96146408C9EFCD81917D1 0DF65F2FB06FCD7A2AF6715FEC23D21443981E83885D57DE2130B5D47D185DB68C858C660FB8E63931AEFFBEE8672B3B
CLIENT_RANDOM EC4495B4419A001E8C281A4DEF8DFB51C37BF51CAAB656792E9DE1316ECB9EF2 893C7C45C00985B2C8C1A13C51C976102260065C8CF7B9FD00F50AF83E3A6CD97CB68F1F6A25C4C40BE72AC56DD3E94A
CLIENT_RANDOM 74369F60B57CBD2A77C4CE2913EE90E4FA4F07CBF282DC490A65F98D2EE6F183 FBB4C199FDD66572F12BD74B07948FE3A98B523D1B8CBDA111CF8E75144EE67D2330DDC3A48B72CD9C9E943638B383B2
CLIENT_RANDOM 9A47D5E45C973B950523C97545BDE27E097C495A4D6A50E5CCA43507C69B2CBD 113B72CED86130C111DAA9D5948C45E071C232C71B9427F1C1918A197E9A95E9A97B619262523D0D91E98970E1049C0B
CLIENT_RANDOM 4A79FB0D539C717728E69D6C89225153B66086C3423B1A9575E76A3B09895DF5 961B99E8243F205DCBE3303663740F08480CC1ED7FA6A54B3F66755CCF17A91E4FE632982CFC5D22F88AB7DDE2CF66A0
CLIENT_RANDOM 1F88944C3BCB7B6449F9245BAA959E8935FC4A99727245225E977EBA882E88ED 5CF62229E030861C892D9EA8F9EA124909984EDC13D580C59917674AE475B21F23B002B9F5B30005402C7468483DB6E6
CLIENT_RANDOM 471C5A5860FDD99F3AE01FD34887ADC13A17F74F6431759E5E0C0C6C1626A880 EE8921F8BA8036472B669043D8C1326F0DBFCE4C575B658765A085A702C108CF1156D34C959C375F0C5F65FA343EAF98
CLIENT_RANDOM 5D717381752F59EE5BE154E9ADB13DE765E1B9A6A4D768EBA21EEA23385171BD 26F137D8A49479DFD9D57AC8E55EAB56A5C49CB4602817EC8C9ACECF2FDF9738C6DD68E3E23496A66D21ACF85B088B11
CLIENT_RANDOM 2BC9CBF6DF0B279224F54A107FCFB85B509E0BB6589111B05C177632688B90DA 595090D86079D452604DF72B504F1AD0A0FD8EE3FCF0990D08D4F190454CEF77155FFD6AD30EAAD97F3A7968F48E3733
CLIENT_RANDOM 053558558AEDBFDE0261759F2765DADBD90ECF5BE1C634510681AAEBC9194E99 A8BF7058638A5C7CD5C26DC02F8613B1A061011D8D15BC7D20C14B052FC480239E479AFAADF44CD80869BF901F741CFD
CLIENT_RANDOM F8F1D3EC8A1C007EC2F33A414D35F0D9550D41E8B3B0076D71665E3C2167A776 74A9C3EBC4492D071D13D8885B9C75CD603C5CD2C5D788D74172E0031097359A543820E09FD8DEAEEC158FF7F1A8EF30
CLIENT_RANDOM ADAE7294AF1DC7D58F0150CBF75F77432700FAAA43CB1D3421BA4274E3F4797F 6866A40EF65FB3FD24ED12891F248B35C3EE12755649FABF58CFC6464810C1791D89669A1B9921D68E21DE4A99A8F1D3
CLIENT_RANDOM 45FEB7A2D97EFACCCE43B03FA59DAFF31471350EA68A8179EED7C2E6DD4CA6D5 57530AB72AF93DABFFF082B9B4945CFAC8E8128B455DD3063C7F52A3D69A31FC96B6118DC6A3BF03006DE3E9D7456A5A
CLIENT_RANDOM 855F0D9F3B1845116D5FBED98B703D4CD770290F398D34290091105BC8C861FD E1B1E179EF1DD1302880716E5FA9F53DB4132EFD09D8679E4BFC422A983370569D9640874014A00277763661A271BB6C
CLIENT_RANDOM C8891DF56382D7B4DF3104292B0A7777E5750E959E5814A4E09B84A703E9EA44 CC54C8268317C3B4363FEFE276908326245F553DFB55DF7F858DEA6218E12EE67FB63C8D5BE0B2D725395591458C480D
CLIENT_RANDOM A4903980A289ED573BBBB5D69636622ED4A47F0D8A55921945F851B91AA42188 D8C3796794A7BC7A8C0E9E7F677C7BAF2426B9CEF27D267C2E8460BED2B9936F87DD156260104B3AB113348D918491DF
CLIENT_RANDOM 80F5766BCE44052BA31D1AB25D89BBC1200E53A6293579B1B44A52E8C446A510 44CDF3148F1F5207A91D140C69397DFF7A1DFFC00434C8D6797BA3FE7DECA1838A7DFF03A243818ED148CF4560E8D7E9
CLIENT_RANDOM C3F46C95ED422CBDEAF54C634E964907966C0444A3601B322E64C88E247A2284 C6DE3A2AA3A77A8DE6D8CE4C1E8E13E42DB54880352365CB060F5DF3966830E5F74362EFB602F3D1D7717A6E886BC78A
CLIENT_RANDOM D6D9B6A1A8861E67073E033110081A90FE33D4AB57329F0562D2F6A756E90C30 48A7AC63BCF372514757F51AC2AB19C622720352894C9BED68DF532354865EAA508AB8718E8ED6184D3A7B918F517FBA
CLIENT_RANDOM 2B4F6591800C8263F1A812852FCDA705C18A9E1D18C30F2F0660F4A0459387E0 1020D115E1711DAEFCEF31E7D12F12DF4D641B2CB8EFB5E4535A7E0A0B58A43ADDB20D6F5D3E6695DFF8408C85F634F9
CLIENT_RANDOM 2972971E376549EA869D5F8136EBFECCF52CEE8292A8B2DF72A45F918F187B3A 4E4651F23768BE3474AD665C06FF5F21BBE699BDB816DB401E35B18D7BA2F6ED7B56A313D7915E8296C593A50F45CD43
CLIENT_RANDOM 2D666C68C875F8059B8D101B505689B49BF3EA78CB5CDF723D21F85E922385C4 EE6F677E5F8CCFA978558940FA197AD49FB2662F092D9A4CEA13F062BD80509D489D673163DCC1AF850BEDA47906D1FF
CLIENT_RANDOM F781AA0A9733D6FDDD00ACB6607FD8E6852633C8F9F543670FFF215251405CF5 332BBFB4637AFF8962047CD8532B020B08EB370167D36691FF209148C416520B2B6C1E791BBD188F34BC02896D398BCE
CLIENT_RANDOM 76A873BE838651960E6EF8179E444472148DF4AE6B63D281881BA51C9071B32E 30DBB9808FFAFD946D7067D5DF8C070C78CFBFD9157E7F7A6A7E698BB7AB80C8508531F1DD10097192DC5ED3EB6E1BA8
CLIENT_RANDOM 95B88696490778A41D65A45EA1A48AE93AB01A4100A8047A2A8AD67255ADFB01 9631D1FE6ACD023D0BFE082798FE060A81DA693F3AF956B5E4C094B92926E17374D3E74F88A1FD2696961836824CA753
CLIENT_RANDOM DFCAD1B86B508106E47082FDA290A2B1ADBEB9E54CB6EE97E3C6C631D07ED7A6 D6BD60DE8383C7AED24AC17E2891D4FC7009962599B89D8ED73CF0668AD75C561C3E215CB948A0EC64FBED09E0DD2E94
CLIENT_RANDOM 29B3B4E6C216202E7F02AF1302390352400A35C33BEDF7C0D1BF18ED57F87E00 1E44C3275952848AF65CD99122239295D99FF6796A30869248F4C86975AFE44794894F8D1E3405C3FAC3C3F35D1F82B3
CLIENT_RANDOM 92C6AE665A3F36CA6BC17E60518CCF26D9582ADF19CB8762744C403C5A486919 7B0BA1337CEFD1838488B1E14CABDC4E92A7849DFAD8CB075FD9E8B936CDB8C269AA2E9E74D230B943CCA7DFA5F4E200
CLIENT_RANDOM EDF154DCBC8D5F493B190F5F02B6968C69FCA54A77EAA117E6CF1250B438A2CB 2F93B9C60F4EBA0E89C1E6662A38BE7558E67FC8A21C70FFA66D4B51E8454ED80396C0F7DAFDA1C1F47FDD71DF6C8FB0
CLIENT_RANDOM 6C4A9020C984B239BF37B48C156CA73E702BC42AE577EED6137868E32CB50C3C 1AF3B3DAB4357ED3C403A6D1CAC008B05B3EE2CB649E976656197E76B423D56F1E134E2624B4C5FFE2E901128A0F5845
CLIENT_RANDOM DB168EC8F8862025AA1AF26F72E874D5254AB12D765CD9271DDEFDF34A909FF7 8BEC8C41545134A8460CDA4F42273E937B7F8568E33383AF2C37B482F615B6AC27B1E8852FFDEFAF7C3CE4E41C897E3B
CLIENT_RANDOM F252B657B17C7CDA883A9C66C32E4B1256622AF22168B701BF267DCD5EBAF29E 2471EBD0AC039B651722312A55DAD597628463D12821ECF1258F79F9689AE4352E4CDD1692738A47E3B5126E6035064A
CLIENT_RANDOM 6C57AD797B89265302F3F3486A226DBA2ABD3B97395D791B779EB8F517FDB1CB 70ED3AA73C7AA86B8AF1BCF230ADFF76A8B14CF57799C8116BE2FDAD2816FBE0BCCDA841DF457AA19C883902CB62CBC5
CLIENT_RANDOM C7892908524BF20E8FD489DA16A2FEBD03EBD49E012E24F23AF6B4F8DD7BE51C 94AE56CADC9EC8C5CE44413106918D3E1600A238F8A6F8E36840DC9D0A08B074441CC6F47265B4814CB2CF57F7356F65
CLIENT_RANDOM CDA49E7394A89BEACECC5008B17E9F5A0F717D3871FBBF7FFBA84E0D7C24C292 448F73E4E9EAD2FB56DD04C2FE4D31738D55BC33FB59414097ABE157A124589974D5E713F9A4269745036C045E27C6FF
CLIENT_RANDOM 08C155AF1916C89B84708A7130B499644A55EF6C0819EB4234010F6BA9CB6E89 FDB7056998F48E019BBEE2666D779DAF8083FA68AD54E169802FFAB9A525AE419B8E1780274421D0505389A455F91805
CLIENT_RANDOM 5649DB5B4996F77A8C07F9A47EF39D839C141F03E8BFA5CEBFD23F8C62338584 91FBEC38EC402F5057320D0B2401298035499CD80BB94486C71DE037FD774248DBD604730658B90258A2A6DF38BA87A1
CLIENT_RANDOM 9CCCFC895E20B1CEDF53E57E5B77ABC8D9BA5DC9ABA76B6DD99FF04B5C770E8D C0532D80336462678D146D490BDF479334FFFCC4BA0B90E38FC3B2B8E7D5A9CF4D8E8DE3CE3D877ED07667C3308FFE34
CLIENT_RANDOM C6B0A52703A161F6325F2F818DD4BF3B02E121758376FA54099B62C500301123 D43E8C1A089ED67C94864FE0A902F176F260CED8DB795FAF03F53F6409B11B56272D7843736863BCCA9F6B94E71A5324
CLIENT_RANDOM D297867B5C0E82C36509AB4DE54E60A8042F908D28021395AF39671E5DA1E191 5D23B783512F502ED90B7958C6F7231626A406090DE37564586284B1AC091AC60D869D6239F55C15BDD2477E1C858AD5
CLIENT_RANDOM E4970783E6757815F65C45699B34DFCCBC5AE014BDDEE9D3F3D09DD211521557 6C328400582CE5175ED75CD2E205FED5ED6A14B9820404496A38302CBB0B5C24EC29AC7A98BA9CCA09C2DB2CF2C2F4ED
CLIENT_RANDOM EA945D400A95649F26950460AC54BEB07FF632BFB2D660DD07C9A9FA0BCF73A8 FBCEA6F14B04F47C5F0AA24505CC3072183BE65811A31634729AA2066D9E8CD6E44DBC7473567D46191418794C007C3E
CLIENT_RANDOM B2583CC9878DD5F4407EE8C801283D3100A3627A6F3004A350C4B4E34FCADB2D D93FA4339846F78A7DEF9FD67C2289072F8A3E1D98455C4AFFE07FABD642BAD1531EB3A082F5523BD903C7648930B2D7
CLIENT_RANDOM E2BC16AFC56C287F3201C8F58614719EC8036FC64A735CD4F5EFD66443BE4CD4 09E48F70B1BBCA582E5EEACF06EF372CF246344CE512FBE870E7A63A9371901304EE8601188DA92F910E63A0E903292B
CLIENT_RANDOM F8BF1D2759A2900BAC10914088C6DFA67CEEB90B69A6E528CF77DEC14F427BAB DA11456CDFA49782DCC7C494D32258755E7C454C533BC75267700CF25827B6DA087D93A22C1EB1EAE860FF458773F97F
CLIENT_RANDOM 1A58761F90330957EAFBE7589C09FFD996836D52BAC5CB3270FC3B5A5E351E17 0FDA52713D9E69A27639A60063E01C7A35B11F21D815DFF38D01E3F97F51E60CF7B8CB4FD187B32E8A1253E68B2A3936
CLIENT_RANDOM 3094A57137F94444AB38DAD2F06B588525B88F0F224F65F532892F567344F3AE A4DFEA4C361DEA91057AD5EF31B7E463A999A79285E242360EF07478891DADF1D2C3987B0A18E5F831D7953296129F1C
CLIENT_RANDOM 3EB4529BD665A84183ED4D54902565CE5990EBB331D625E8CBC76D84E69E22E5 E308333BBC834E5889671D085684BADC3A0A59A44BA324F1595CE5C6A9DD387B0876FEB442F984353926576F3F9B5B8A
CLIENT_RANDOM 6173F89B9F307603A5C339B7C841644C9F875A7C872BA85755D8C864AF88D3E9 56EB35D6CB832D5794701C2197C9A6CC91E90D00E4FC7B3423B97E07E05F94F90DFAEEE1ABAFABAC4E5A626CFB8490C7
CLIENT_RANDOM 82CDABE37004254F08BF896B4E7F2E87DE867418C5E178A5B28646FEC009B0C6 BB475CEEBE3BD9E186D1047854A45C71507528573034939410CBD160EB4576D7F2B0C604783593794FC13B25C0E8ED3B
CLIENT_RANDOM FB96CE975068E71F0B69C781DE56E8F9F036F8500395564DD619D4014D2EAD13 C5A55A141D50F2C187185A94DBF7A0B42A6A9DBE12E7AFD5C947622C0D87C455B492DFAE51F8C516031A39AE7130CA59
CLIENT_RANDOM B51FCB8BC8AD54C6D0D881DEC3ABA4DF051E7EBFC4CE0D709447AEABF1A43D5F EFE5FA20FD77BAB3B47C22A5EEC25B7001899A0E7DE0C974EB32AF3C18F780A152CAF511A273FB6B40CE358E3DEFB882
CLIENT_RANDOM 02BFA30397FC85414D28B7FDF761F5D63490F20B71352B5CDF5E7C32ED7D900A 2D4A652D9829C3294A438424938B2D000A563E2353BDBDDB95139A648872B30950E4CE30AC95D4943BD3A44FAC06D1DE
CLIENT_RANDOM 8912DDEFA55AD14ABA2B05869815A4910006B6F904D0D321F659AFD67FDB4A0E EC0ED96C2546D7D8B6D1C9FD26E1F4E5023586D153ADA62DB817D4F0D43BF3372DF0FA071FDAA922AB809E9B7D03C15F
CLIENT_RANDOM ACD7392C21801B7A2C060C4DC729C84C88E804E027317463440755C8FD1E9B26 E8035AD38C6FA198A36D8FAC8277DC74B5693B108BF31BC49A5DACCE6ED6FA8AD9EFF4F22AAC8103BA38315B437A2790
CLIENT_RANDOM 90922295D33C4DD9DB537080C2417CB792B6E0E9022E7AC896C78782190DE167 5557F1E0FAA788A405B0F632638A386C6FFD7D646F77C6AE52A45AC76177DAB46944A67483107C7DC3D2036820A75366
CLIENT_RANDOM BEB3271880605605FCD3706AC35030F23B4CC5AB3BD6EFFDFAD54AD891CE14AB 37F125C3AB88E417C79B9C883F72BFF13CEC6D348EE22F423A162AD83BF2E6416EBFEC5143CE6EF66D8A13F861BD6FD7
CLIENT_RANDOM 09D1E6D7A05D96ECAB6847B0542008822DDF89AF4168CB0C8F1BF376B4BDC1A3 F539616F8BD0354BBC486A49BADF06F53D71AFD52925099DC861F67741D9393690D7E831D890BBEE0003954295E25BBA
CLIENT_RANDOM 1F306B2A22C06945D0DC8CE7FA63027045638F05C181D7C72969C87A4A327012 63AC6C78596912DB279BA4CB0DE987ABD3AA385256640AA8D3A9259547614C2C4B1AB19070F1EDF9553F2423C145076F
CLIENT_RANDOM B5C2345ACBD13365945E7E09B143F47499AF2A567EDFC7C2769C580C84EFBFAF 81FEE8FD825F66DFCE37FB3A993F8F6376455640AB236AF2737D333ADD0FD0D1479760EB7BC62069DD996E3DB416C90D
CLIENT_RANDOM 7BF6A5C59519A136B3C4456CE71D0EA89665AA6C1CC7484E3315D076548E58E9 65717C86EC146899A196A80088AF44392833F047AB7F6E32973796608C8A713907D61706736AEC986E8CBFAB57B4C6E8
CLIENT_RANDOM 31847AB838D66F714073BE080562D939117928E7AC647145D84FEE04A298ED8C BA2C5FF7C466F515EB1970956B630973124EA2E768BEB97F048C1364C6F59291ED2D198BC3F39EC976A1706616BD84FE
CLIENT_RANDOM 47DBD46C93EECF37801E5E78BC8F5EB78CA33B1F98A57F657A8A38D69B08E66D 548D2AEF4A93C620EE85544B28CDCEBA705355AC4D80416B7AB0E9DAD759E6DD2F19BD82BE7FC807C264DA84585EB7BF
CLIENT_RANDOM C8B9363FCB2703F3099390CC94026AD40660A0312A57D57E876D3167C65C720F 51885F4EEFA2E00065790FE5ACDF89C788F20F7EEDC826509B0D85E7B6561FB72D00C13530FF57CCDEA198711420201B
CLIENT_RANDOM E7526B0D262F6D9BB357B0F682CE169392F58A5FA863CCBCE53F849910007797 39197548E81BECBD0B5CD3F9CDCEE2E5D14D41109B9B4555E98D9A14DAFDB2DB98751D5E9A8487ACDC8782C21CDD117D
CLIENT_RANDOM 90A68B8E17829B2FAB7E77742196F9FBAB93D09818AE4FC08A8062F973206782 915F0E125AB9A05983E77055518FDE31D84E706235122A3E833551D70DC1930795597DBBC9157E2773124FAE5435A659
CLIENT_RANDOM C97EAB16833D1EF85E1F0D58B1E2F2103A65D2432DEA64F2574C1319781C568A 3185B8F173258A232E54C49AC76EC612CDD68DEC635761088D3292A33C796C8C5A7745414047D322238CB35F6C5932C8
CLIENT_RANDOM DE946BCF8101F15179CD0E00A62662E5CEA5941ACD8A3A59D7084F5B691079AA EF7F8A61968B06E098C872695714652D28F1D76FF77A2FC6374525959F99508BFDE2B8F47D5A4E1D82446872604BCD09
CLIENT_RANDOM 1E4E589BDD670B4F0479075568B1307169F216AD43E5220BBF05062FBE68527C 94DC10672C69DF4887909F583A63D019C40DB42E32AB12B3786E367C086F1AAC1BC23271AFCD3CAD8C5B11569BFED698
CLIENT_RANDOM F2535D0BDD4035A77CDB124D8CBE4C39A2EFECFAAAD2C05EE02FB438A36A2D6E B0904BA33116061CF77D2CFBB5EAD66C795BAAF09C00CFB7E10FE2E7429D394AC685A343B135AF5936DAE83BCEDD3DDD
CLIENT_RANDOM 38E420450A30E01C8858DA34C53C66A41F074C9C8B78759D4F0F6362E7843620 57CB4FCC71FE554A0581B8FD140FB824A7683B30846488C13F03C1DDD9F694259E33A0B5406BA0D5FDB1DD48D626AA43
CLIENT_RANDOM 383EC4DE2E2B50C238E5C5D70A6B17B268D153EFACC39F723F1A03E944CD88D1 14E4C11A93DB7B50E623B365598C9593279BAE1A77DC8C49D05C3F3452EFEEC7E23C0A745C18E24F44AC1D56CAE37550
CLIENT_RANDOM 6839C1064A77BE44D5A462C5683430B093D8DAE3510F62B652AA06D02CFC44C1 DC1DA08E5017ABAF69C9549F24BDB55FFD7C29691A813B9ED89399CD7EEA0EB34D3332846F9C9A6ED59DFC41BB1BF8CE
CLIENT_RANDOM 39B02A12B6B7F72C6B5BEF5CA2DC61CAF34632670F9DC55BFC127769AD7EF0D1 B1DBA040D4A1510EDD4F389A5D1EC71FC7118A1A6E5DBEF7E40DA9E68CD7C7542E849087A104934121D955540FE0DE44
CLIENT_RANDOM FC74757EF40A8F1DED5A7D75577EB4253C748AC298763028E9D7513EA3E6A882 070C3B4984CABABBF3C100805E9731B7454923E214294540B5520CBF9B9994ECF15E36ACB9ED9E532B9E2F9B2C58A2B1
CLIENT_RANDOM 8F364D9472E43F164B4876959F28C1D521D0CEFF2E135584B8AABEC8551F8FA5 AAF6382E20882CFA982EE9C58042AC5AAEDB37E5EC7E3230B6EC21C2A568DAD5F4101A7C3976F037E8CBD7125142E1EF
CLIENT_RANDOM 17A6B275F57677C70F24571A5B98D27E8A4147900D0B73B0E355D6C725FEE78D DEAE83D820E38E16C033DE63ECA3BAC31BBFB2D5916AA371E0D1525D564A35889EF8835AF75B15D28796B0804986F32C
CLIENT_RANDOM E84619F6FCD640A5B5668DDACAAB1DB017F9BFF7D24B2420E5F79E1C12ADC40D 44C8B8B49FCE6CF723B0402A6FD16EA3D857523F2AB2BB7A730C322770B94C414A8EE423C6C226F3A25746D96AFF4FFD
CLIENT_RANDOM 64B25243358CC2D80DAF6E6B8FE3EBD8CC623CB81DE395BC7FE41866D241F990 2511382E65B828015793D754D207A172450285157FB01F14B7FA4FDF6932FCF65CD53BBC93F440117E54C62D36F8A342
CLIENT_RANDOM 1FA99026A4D490AC75EFB54D8F3770B1C29A37942B366FB3F074F4DFBBEC253D 2E51D5FA5F57E82F8EE8FBDF83A1BC9FC68E02BD3930C8CFAA372734DC28AC96F214489EB1DA8B3330EF3818A26F2297
CLIENT_RANDOM 32BFF2BED3667CD58D35E8CDA76A1874DC9CDD9BC18D6CA553B429D498577964 2851C04CED99CCBD73728E38FCC48F6ED80D475DC8A8C468049D713A21B90AC3DEEA16B1E449C25C0D57899254B5A537
CLIENT_RANDOM B2A518D898960203FCB23ABC6D236204BD8BE0E86799DF1099420AADBC1FC9F1 69AAA9AAFD6DD2A24B9F65D22656852FED06FF9AEB7E4937954590F61641051887CFAD5B1B981DE99C096A20DF5EDA16
CLIENT_RANDOM 5A64EB47BD9604F80D180FB4868E316F2D165CAB8F583AAF77E4AEAD6FAFB63C BEC79F8AC990546616B1D8FD926E4B6AFA16DFB92BBF393D900E79FC1BFE5728BB8B1D5EF2F247F457963E3154890D65
CLIENT_RANDOM CF82733012CBE44CC84A52E67CA84F423F26B85C0513DB1F6C45E480F83B9D64 FDF625A7E3C6089A93275EA1B40FCFE0E0336AC9EB1CEC0FDDD1ACE42C2DA313D7C73B8532B3A0817DC359971D6B6D40
CLIENT_RANDOM 080D3250DC21A0263CC79D74B84D8484EA9F8F90F7EF2DDEF1255644D8F9B8C9 29AC25B382A92C834CBA56D8430E543F94417A82948DF557EB6CFA308C13F69195E96787749485042934A049F01F64B2
CLIENT_RANDOM EA038644B2AEC1E7B19912C89E4990C3365A66FBEF7ACFB1D031B2691F319E19 41BFB1C2DD269BA885046E0C1C0540574816E311FB3C3055FFB98F819703AB5A17C40D74CF72F8DAF6415124914C4693
CLIENT_RANDOM 446AC2337FB5D7E42B28638AD36B58FB84C3A60FCEE7051794B46EF27A97988A 09A88ABE811FF9D41E85140A7C6A38F406F4175C2CD8C3AD0633325156AC52F10A97FCC74FAC7CDD89ECFCD0174A35FC
CLIENT_RANDOM 5DA6505C0AE61EE1536DE828F9461C76E97697D8391BB14353B97E3AC023A131 134AF709362279A32AFE6A591135034371CA6A48B414DE7FF1DAA81B0E993B7CD31FEF0E638A72A0A52863CE4D73D787
CLIENT_RANDOM 1C31E55918BB50D2C5300C3DDDCBA62490C16ACCFA6E5058C681EE6237436BBF CFBA77D6950FA2CBE7F1AEB4E977E09FCFAABF152A51CB1076B8B39067255E05E67995663C8FBCB285F4C503617FE2F2
CLIENT_RANDOM 9F885DB51249951ADDA7A743DD9588A3AEEE664F72F3D178A6AD6FD14F3A67FC 89C1AC21206273AD20998004CD330D3AACA0151FBE20D8ADB672D5ABE3A83AE088DBA05BAF3FA32FB8F7DDA14A1A34BA
CLIENT_RANDOM C0A3A34560A8BE2CD923836AD2698B0E3FE375749B557ED64DA59806AF26B5DB 86FB3C8CF69A5FDE41F5CF3F95206CD911A6637893DF4A8FF07C1C645363C25C02B2915AB9D17EAB4C952CE9FD2FEEC2
CLIENT_RANDOM 2EF3038A680BAE2C1E149D9AFD1D8C00135B235E524E7BB7044EE309CA7633DE 4D536FE48BDCAFFDE5FFC27891C518DBAE4C2A5D875F046DF1A950FFC3DD3747D7D5E4B997DF2556374A0BFEA824FBAA
CLIENT_RANDOM 60D1FE3FB3FB36797ECCCA08679DE1B422A679CDD29C03CC821F5E37874FFE67 604118F48C31E1B9726214E2C2F937B0F1066AD48ECC7BA1CFE6F858F02BD61387AE2B5A85555A2382AE7C5626809D0E
CLIENT_RANDOM C14069AB5F4DDF2A5836E7864C7CAC0A683CA5509F0322941B563513E970D2BC 7682BFFD1CAE954B50FED845D909885BF08506BBA772EBAD3AE277609DDA86BCC957C8B01F9FCBE11767820D7513001A
CLIENT_RANDOM 2459CEABE1A3DDCB1C2D2F1D22CF9EC520CAD76AFA2BD5423182EBD9AE89EB1F 777B0C265959B2B7B751DA1B7379A69148294204A4A651B12EADD3F71EB68173ABBC0C5969207858F7461D16F6CFFFAA
CLIENT_RANDOM 063B550F78571C9A9F8681236AB7A599D51856184F1D2D05B4D62FD480D711F6 48AD70492E225339BBD324C6F8865A5E9B2B2544593438616F1515194A82074B725FDF2F9736CAEC9F25F7C860D52C94
CLIENT_RANDOM 2D28F19E7D1DB743D5375A416C1F42114A8F73A2A78D879FB97FD3F480A3EF21 0351FB0F1E73290A4C296D82A952759D5A87B8FFE86D66D0F04434122F7DE620B3401380E358FD862511D8E70EE00973
CLIENT_RANDOM 32434277D5B4EC4F603E935168263D8556DDBE1C69BCC4C5859C7FA8D7F9B56F 880C329E875B054740EC74F2009B3089A333234D48EB5F4A44D49CBAF1F599846DDF7C144D8E35E2F763BFAE0039FE50
CLIENT_RANDOM A8C24BE92DD7EF747556733609EB6E888669EB81F4347CE15152C01009AC9AF7 76F78EABC9811E28E956D4B16606121A35977D229CD9A855EC054467C1D303C56BCE3B2BAF468E749093116686A67E94
CLIENT_RANDOM 0087D278F772016A7D1DD7ECB6AE2A4FB6CD45231AF33147CF476AD4350705C7 C3EEF1CABA4DA83BC8B23CF0E07B3A158077676B2E9663726D1867E9A944B7121CBB7007CE0F6CECCD356260A755725F
CLIENT_RANDOM 507A99BB021A26478A81E7BA4755E6106CBFE7AD1066DBA7F5F0A8ED7CD27927 05DB337DD301DFBE0304F6F592C8224BC7DB57502F215130A9A3F78EDB09190D62ECF2618363014CC5033AD4FD0375BC
CLIENT_RANDOM 9F2CA7A5E12536A2EB18A3B81906038F66C91799D8A3B46757E98C828F2EFB9E 549A443F8FA1AE96488877E8127F9571304110EE25188C1F5DE68E385B19861C00F144AA8420193EBBDE8EBF9C9B1046
CLIENT_RANDOM BF97BF760BFB10AEAA79242A1F945D4DFEB1C40FA9D3EE583FDD71E172B6E359 155B5C746E5EB106C653E6E838EA951BDD52E063D037F8E5828717040863932F9074E276DD45806C85BE8099121CB831
CLIENT_RANDOM A232269C785F03D3100F16BBD8A61366930AAEF55A82AB8EAFC9ADE79754D3D4 3B9B6FDEC215646853AD883AEAB329A7238E56E8BACCC3BD5FC8A82FF9C023D9B17AA0387755952DCB3B92AB88CC9BBA
CLIENT_RANDOM 008798CE0144BC525C9479EF837864742F7595774919A3D7B221E320CFAA4AA6 3D52440EA03FE7DBBBE54DD7C82889D3E074AD3725187CF76A07363765304E61103BD9997D58CEF9104D240F3AA5B309
CLIENT_RANDOM C2760047B74243A9D20DDC8CC97CAADD26ABEF916F0CEA3E8E19071DC3267603 3EE1B3F096A4DA9EC05D61FF66C0F343A84C04F4E7901678EE42CFD04676E9DF74202F75FED4D704F08D43F81A438798
CLIENT_RANDOM 765746B1F4DE328B796F52F5FACEA9EC113D240740584138F244CC447D7A58F1 26AB5EB77E0CD9AB4AA45BF0913C0B0823CCD229B25F02FAE284ECD5BCFA4F8E3EBE0D7A5CB2656C0F59B845C36864CE
CLIENT_RANDOM 68BD0442C6036AB4E48874AA430C371549D9A85B488F5C4FF09B0CE5CBE9989A 14B7B602ED823DE5091236C43C84EAE63FCFC35AC53D97EF2D8D06BAAD5FF34290FF821F8B7FB8C0BEE5D5259FC99289
CLIENT_RANDOM 01FC43A5C068D838AFC026A27DA19AE3C7A623B0E768CA5579870AB8AE58B87B FCC4E9ED49032B653F49269DD44D01977736C128ACD5349C715E9081B4BFDCBA7716F4310FA11486A1E1EC75782838E6
CLIENT_RANDOM 013C15A6B28C558768B332E6F189F8CDC6DFD5199AA621F471754D31FE81C97E 4622CE1C626ACD47C1F08FD5DCD9B2423AA20FE026C22B47188D045D43DEF1509A3450BB27DDD103FEBFF474A94CE5EF
CLIENT_RANDOM B962299AEEE75314E8C9C161630E4ED17CFA39D6382D61636EA034740A4D31B2 3454B7850A2FAE3C17F753649E4E7730975E0C13E278C4BD529D725D41CD5A0B0201113210507669F316370F9A205F9B
CLIENT_RANDOM F58F6E7DC279905410BEDE57902D532611203431B7862AF74B70348236542422 EB2DDDB78FDEF98BE460AF00C0EE1ED3A9F74E4E1124080D8D16E41517AFB284F4529B773F96127E432DB3CCE9A6F0EA
CLIENT_RANDOM 810737BA2F6AAB61942823BF041D1EC99B7D211696E0A0CBFB178EDB256301AA 0889ED015B540FE6F458ABB11BBF2E635FF55A540A8B6D919E8A04A51A146523C0DB3F8E8B23B4D77D705B1B0A34A084
CLIENT_RANDOM 404E974E41A3F9FD704DADE282ADDFFD74CFE84E0302FA502FAF27928A8909B7 887F4DBE2F7273F1C6F30E5DEE350E77F0A867722A647FA3AADBF905FCBDFA5BB9E42386C4FECCE922CC2EF9C02D1780
CLIENT_RANDOM 9A6A587A7C0A63A07A7BD0A2961410D838FE97CC6212109F01DAF7E050105776 E145F9DDCA45766EF6DC6024DB5E03315B153B0E9C33AE1CAE4D2E19C3CA4B1C50004D10D9DFB1B93D374F3F5432F285
CLIENT_RANDOM EE3E3D20988D6C0DB424E11E4DAED559B13339CC567EA876616689B8D7A2FB99 345D4CF9FEDC36493D6FB9A5AF8B9235849D5CEFFAC1004160AB5E531C6F8E951E4CBA45B2138EF016B9F133B12EA1C4
CLIENT_RANDOM 1E230FEACD6C24E29692F232A8CCF2DA3EFF1C21091891B25505A39D538C9CD0 47CA6D537D1544A8E6F5426403B756E644BDB093CD2711A3B29E29BD91E3CF8EF760356393A905BFE7433FC42248A4C8
CLIENT_RANDOM 42F878EC371A9D3121A6A4645DD82A70658EF4AFD7382B1FC44D58AD780A22D8 492D34120D076CFC55C8D9338ACB305095933E7DEAF9C2A45B3DC7EEB1D7623F7B487D904ECFD92FA073463EB22FEC5D
CLIENT_RANDOM E35CE0A70E44B9E9C9344363B0D1FDBE35BE79202BF8CFC915F222AEACC8253F 5AFF244F8D9D4052C0015D10B82A4FDEA45E9E259A41F3A4476AF2170C88E3D9FC4302F08EE7799D40F3A39288773A58
CLIENT_RANDOM F04153E219C8B6FBD49D258C4E0C556625D18A380F221884B69AC3578B73DE6D 332A8D128347699FC9E0A5141773CDAA444D0CAE63E76D49E47F068781F72D3FED4BD815C8D43512A9C9C293ED65686E
CLIENT_RANDOM 97FD1D34CD8334DBB3BA778D512CCA3EF88374D881A2A034AB1721B69ED46298 9111E45352EF064107764EF6AF37502572BC627A5701CB5B7B7458D30EF6DD12E36C27BF9EF61AB1F4ED0602E492C956
CLIENT_RANDOM 89733E25B140E8310A4DD96AA2DD5C354A9BDC5FAC7AF46E0FC9DC5750613C76 439C3B8E81A530650FD1B5843E5DC6CAE50AF7F9967E24D2BDE66825CAD71DF732A9EAE9F26A868E6C9674202B4048BB
CLIENT_RANDOM ECD9E167A493AB5B8B8CC354CA446E71AB86F18A4C5AE8456A4634B1D73660CB 962FC18279E165F3C4C28757ED6E9FF11BF87BD707610BEF65337F597C314C152D5DACBB74331C2EF8775AF88E36AB11
CLIENT_RANDOM 84D76C5FB31952D53BE5060823D3156DC9D2153C7EFCE3AD567CDBD657B3AB76 4F015CB921E71E249552D239DAC21AB2AA555951D78E7A4144A30F5D2EFCBE4EB0166F488D72B5FC1D2C810B7CA5BF7B
CLIENT_RANDOM AA57C1358A8E90191B3AA26F9DAD57C6C2631247C841AEE16D99D21779CCD441 3580AB5F2E3015F8A87FDA1E611FEDF5A7142F07E56164AE9C5306AA10E33630C12B948EED83A044EBD24AF30FB56DC5
CLIENT_RANDOM 6045FC6606A748C01421E6B7011AD77AACC70366CB4B4C1B4F2E8DC1F35D9AF5 00B4F203C3B2F624A5C3A022C2CD0651A405CC853C252E7DD486C948B6EC4947F946F3C089C9D2B1730A622EC31F104F
CLIENT_RANDOM 63C9343AF5E4117DB438D17331B058D315CBCD896D6371EDFFB7E96166546E1F 472AA15922972015B4ED4FE38E5788640DA6FA98565961FD580A416E28FF2896D2ECE7D6F400AF15BF56799A3086625D
CLIENT_RANDOM 6984102A0E8B10D52E6D174FC98DB6BEA78E11BA0189239610DD1D930866A2A3 4B5AAEF15057128B4CC8306F86B3F365F3BCEA148B6DC345FD96B4C471A61B9996029FF244B6E1BF708C36DF5B508027
CLIENT_RANDOM F9BE9261AC20914FF7785E17F1F231FFC423E09C6DD0FCC5293C99CE5D554742 7A8E587903C9E099D93A7F3AAF910851DBC9CE0FF9F7EC3E97B4777CE89DD8460BAC359B819309F1D04171F721EAE87F
CLIENT_RANDOM 41B64C29034E3635D6663CDE287274BB9A522DF9B4BE3B89F8C4C6B0342D31BC 6E2D0B6F56802217C40A1413FBFE212E9E9A519B14B2DA75545FAE562BC77D625FB7BBE6611AEAD8F3343B4420EE3EDB
CLIENT_RANDOM 0F75A95B916A13DF3F5AC176006B94739952659C9513C878114D4E9046CD9EFE 53E70C60CFB2FC881C6FFE0941011E60DE8A27CA89857CAE9276586CAB4DE25DD84520D200D60F58478BC1CA730F1EBC
CLIENT_RANDOM D9DB06708C7309FB2C7503134B19936CDDBED693B4E3FE7B59AA77CF6AE338F9 EF59493B73026B4B38B1BF5CD3A77CB0FD421DE74802AD9DF027032F79E2650BEC66E17FB8CD68BEE1506864BE89C94E
CLIENT_RANDOM 71C7684B0DA283E3C0381357C21A6FC8BB18C0C95E5F115549AFDA55D80AEDC2 211591D931A5B6317C059BC51900AF8F0841ABDA4468C2E57D47202F29210E760D7AA9D6300333C55F841D0FED1B15B8
CLIENT_RANDOM D68D693312617598735D853C6AA71C1A9945EE3D718F4AE0A00E221E32A1D51E D84B05CE1A82B267D870B2D86C62B3BBFB6CF55A3F00798F542DFC345AF6BFA03524D10F265263A6495FA1CF913C616B
CLIENT_RANDOM F870D1BC78D1A955FB96DE6CCA88AF88F2B2A08ABA562A1E2BDA6C43B6135DD4 E43B16C85B3AD98E2B97405E37277AAE27D5181D2E1DCD5681BD6CFE73B554CCD211E339FD68288F4BCA3908774AFD4C
CLIENT_RANDOM AC128208443AFB8CF5305FF35FFA2C7369C7E8DA143BD7E6247E077C0EF1ADFB C627DAECAC351ABEDFDF20636CE0C945298ED15F7D56A8577CF01675D76C8432C07FE78E47C598800349C47F91D69DE4
CLIENT_RANDOM 51D172DC35C06D2B006D32998F59853CBF75509CAB365FB7863184A9F367D843 B0E8C9910D0A0C654CCA3B6CC600E26401E06A4ED5241C1ED398C72A54DE4622FEE52BBBC13CCAF130C71C3F17924E82
CLIENT_RANDOM D1B819351BFE509B18816BDA5FC0423BC8E19576F05D7AF4A64E04D1FE20B3D0 16275B79FE78EDF9602DA0B6F5ADE1597ABBE617953586C7054FDE3DDF36346B362A449A633101EC0029C98770834290
CLIENT_RANDOM E5166B5EDD9C5B90C3FC103C083236E0E631ABD3BDB523BA6CB610E4E6F446B8 6D7A2375A202ACA33B1519B5FBC55F5FE001C3E69E5BFC30A56B01051F54B7AA0A31F436C5F28A835C07DD7F7F547435
CLIENT_RANDOM CA31CCBA5AB87886CD54080899609BA006A2C9D5E5AD415102D918FE77E29082 FE241F259D6E520C51326E4103A2CF023DDB995AA25C1EAC9231354F3F924A0520FBDCF9365304C8E2E71E1C6F9ACA6E
CLIENT_RANDOM 24436B35650107DEA9D09B95EE2E28C52E309348D950D70754FF176D19D8E644 3BCA4ABB35E506168FE46F67CE4307778F00581758D4E8513D1712ACB2B3DAE392A1E7318C489B6BECE7E23C30F66C3C
CLIENT_RANDOM 8224B5D3D3369F0C70840F17FB0CDFE8A99685CB9BD73D1FCC914E07309563E6 9E8BE949A9813A91A97CDDDBF3C41CE87D2A5BDFDF4EC5C6E3F33789519C7A98CD9CC4B48372568661D816DDBD185D3D
CLIENT_RANDOM 4DA677C658C3E14115B076A37FBFC09204B39D99C3E616D739E20A44E75CE903 393718FC5D5EFF4DD0F5511930604BDD63F603D33AD7DA62A79405E7CBDED72EF1C4481C492F3A59ED26D902B41AE95D
CLIENT_RANDOM 4F3E9E096266F7A484B78D927E1D6C314DDD39FF28695C513AE086A1901560B7 8E8001106C03D36FA9707EBC78370BB8701E27CFB1E6C73A94D227D83AB00BBF965D5B242B0F004D208D6EC92E18DE71
CLIENT_RANDOM 95F13DDD843E43D1AE9A23F6198CA3BBCB6064CFB0BAC3C9DB16CBD2D4536ECA 7D40032F897890F84EBCBD99E455FF44A917A6C191EA09FC9C70D4D1DA29C453A34A163E9994BB9567C5B73C7CBCE237
CLIENT_RANDOM 16250AB0ED4D8E5E7D5ADC12D2D98B0C46BE55FE0ADEF4293B8FD4CFB6139A84 B90E5FF411FD25BB4EF4A2747089717CFA32960A7DC376908C8CF106CA30F091BAFADE8E3DDF3A09A130B57167873503
CLIENT_RANDOM 18A28DA696C2C976A1965F58B2932025BFF58ECF565ADEDB42C7412BC3C09622 506B90D0DE07EBD41EDCA876F2934BC70C219D29A1E889F8E2E29C6D082923FCC279E0F1AAB05A908B9432F286FC415B
CLIENT_RANDOM 5E31AB97ECEEDF1A53577B82D79EF5FC61FF5543FEFF27ECE7910CC4E34C0066 D08264FECA56DD54BBBC0905AF6754A2851204134FB39FFE54B2C0FA709ED42B700261359F672E2A59C16ED7ED1ABFDB
CLIENT_RANDOM D5E40E586E524B5614A3C03A2A3834500EC4178C94B2E0001825F25E65230899 41CFCBFCF209772E6F9AFCCD651816CFD0EA3E77168B6E05BB2B5719F5093035117F3465C8D7393A0B1D8004553CB858
CLIENT_RANDOM F0814F74F82419FB28099FE5B1D4008E117FF3833E3A23B1DC0F607AE5AD82F7 AD7D23AEA4103F0DEE83C77B61427886F2DCFD1972AE47EC1250BFB9F14AE7590DCBB867ACFD5E14ADC92224F8C787D0
CLIENT_RANDOM 0A1692C524C49988E46F7C2F204804BD022F93C05DC78A40F548288EBE83CF9F 9BCC577A96FA1587612D6C18F944A7527118025590F91128716F15C2FC0CDA9277050EFD731D42849AF36DCA7AA9BCAB
CLIENT_RANDOM 6528B143562C6CA762215BF8DEFC1CCACEB7C976A10B754FE722D3889F2DB3CC D7CF6F524F4B9C3C65A97330DAD06C16D5DF74831AA071DBC47D41F3F04F35C7CFF453057B09536EC1C10C8B08A6D992
CLIENT_RANDOM 9565AE04818FCC15D6AE489B4AC8A3120303523A469AA9F80238DD6AB2608D28 9425594B73F6C6C688BA9E8B2719A74C936A02A95644A18C84795C7BC898C538FFE30046D5192FC5ED421F1FD5C1744A
CLIENT_RANDOM 16608593A0304855266D29FF5E1F7B86CA76B658FC4D8658CA8D2A89ACF50B0A 3C6D2B49399B4EACA3F8DE4611E46FCE6B460CF47B63E101DA04DEA2708E7F6614A880FDFDF797042C37C8F7884EBF98
CLIENT_RANDOM D82FF0CD60A60AC306C13995E11BC53BA8D0A4E9B880463B6C9E4337E45D6CBA 704510D5511F4B8AD0C46D801598BFFE6475EEF9C7CC372525562D60E5CC3D559EEDC441E4320EEAE914107CFA4F9448
CLIENT_RANDOM 3FF77E97FA6790906A66642872CEFE0978C17D4A1A73D1C8198285F065374448 0A8E2B09349A96DBC81BBD67DF475CAD9EEB840AFE8226CB6C2269718DDE92C7569AC60803B6FEC2977B562DBC52CDEC
CLIENT_RANDOM 0CAD000FA520FE703B5EAACF17C7D1557400B6B6E635AA8AA42D38F4C21C5E18 B21F801259FE2A34BCFC0D01F228DCDDB28F86E9BCD9CF7D61526E32068D191383D6C0AC74E62E39470EB2FBFFF352DF
CLIENT_RANDOM C98B1BD5DC10501044C9C9AFE8B6592439E49CEE234D10F25CA3D98A8B804373 E2D14B6DCBE1AEF18BD8EB27EAC0D8A72A55A298C92B798BAC8130C0E739E6DFF6894A9545B950AA41CBE4701443E916
CLIENT_RANDOM 8B979609DA65CA10CDC17BF58FCAE88EEEB1FA22CE4CF2A5D16C548212825D1A 816DE31BA6096E0814AD486624410AC1E68C87AE6DF181166B83711896D382C47E3FBB953D6580BA2A39DB8B90681EFD
CLIENT_RANDOM 28FC29B4A62C0A6CD7190A75EC927C0CE9FCE2490FA4DD7B305E75E78ED40FF2 5695D8DB3E67FDC17B5A65E245488CAC446BA180F0133A0C916FA476C4F288F2E16AA279572B97114A2F6B29530F0215
CLIENT_RANDOM 6CD8163E304DF817B8E1621F5843B3F332BD17FF4C6C21D97117813CFC41C7A1 5B486B945D220FFF4B79D9E01A07F64E4D0F2A025683B9568B8ECBFA869EA2FC58748A77956F5E84A1AC3FD7F99F63A1
CLIENT_RANDOM 2F025F3DC04762897B28BE67C7CACBFA5643ACAF592750B23A4D7D9E9C5D098F 101FE3AB06D661F9D1DC95BBEAED85705CEDDB1F7837F7AC8A6EC71F02D5045B682D6829682DA4918893E955C4E68026
CLIENT_RANDOM 324520A7DC8DE0A23DC24728DCA58A4951A5663527B4330D136C0ACC159D595D 0E476CFA005C21690C8C3E464A066F8C4EA214A288A89EBCF3F8F8090F90C7626B3016EC50F7B63C498B0D7DB6BF2F17
CLIENT_RANDOM 93D4C07F9D4610ABA1A19B4831AB33C1522D578E91038F75463097FEC1FF2CB9 5B2CB8C1418F942AD7C4824E0D4E8AB59221F445776906FF3B8BBB60C6E3DA44DE5452E9D5AEEEE6DE963FFCF66F60DC
CLIENT_RANDOM 36B990C2A495367A93FC759CB99C739C63EAD465B41FD731128ABD975EEC6EB5 3906F66D8B09C957371A71470EEF55247CFF782CA9F60ADB2646E89E43F5A248FE3A48F1F04B68493CD09816D35CFAE0
CLIENT_RANDOM ED15F004ED07E533DB50CE940C90B77906A4928519F74D9E1757CB1528732988 3935C1A86B042DCDC7619EA666E2116B1ACE74E4B2B5AB9C74D2B3B7E7B9B80FA1346B33BB8540EE32DD762A77424E78
CLIENT_RANDOM 9E53BD0A946F85C3B26A87799FEF735D03DBDF259B4A6248C6606DF9DCEDA45A 6A18B420B8CA36CFB83A6838EC29B928AF34D820E83F8F5253ED7011CFD7DA2DE61514E47750FDD6297CD476C49E8AF0
CLIENT_RANDOM 7CFC00C67FB70F72D31F3832C76A9ADB8AC1826C0E9D2E71174E3DFC6B7129E3 1EB82B8377973ABCFCA0E83CF215B7904EA6D131DC56B588EAEE02786FC9510D9172561A749CA34ED14003D8A81CC61E
CLIENT_RANDOM F5ABF0A9BB3B8BB162302DA3E2F7CC1DFED66E8D60B6B48414C30300873560B6 2135DA2AC47CAE6A70A42A005A17DD8CBBC8DB4CE4CDD42728DE7D6DBEBD99A1A45E89DD5F8804A9A19AD89AA088F372
CLIENT_RANDOM 9412038241FEE034A0EB761E2205DC2F059C73B5D9F6387D9FB46EFF3D630A10 E1BF49E89678A153A887D604C6F843D14564ACC08011B29F6032D7A7EE816AA43D6F56D2DF7172E38BED3DE071F770D3
CLIENT_RANDOM C9B32085B882A0538A7CF11EB4BD15F01E9EF460201B734F897FF4CB9D747E7D 83CEDC8B4B2A7D1EE5C62BA88366A295BC78E35174C3AF3AD26C415C43EA6D9B24EAD71DB8FE32FD2A4B1A8B58BEB0E5
